MyLittleDoctor_Map/Mylittledoctor/app/build/intermediates/manifest_merge_blame_file/debug/manifest-merger-blame-debug-report.txt
1<?xml version="1.0" encoding="utf-8"?>
2<manifest xmlns:android="http://schemas.android.com/apk/res/android"
3    package="com.example.mylittledoctor"
4    android:versionCode="1"
5    android:versionName="1.0" >
6
7    <uses-sdk
8        android:minSdkVersion="21"
8-->src\main\AndroidManifest.xml
9        android:targetSdkVersion="31" />
9-->src\main\AndroidManifest.xml
10
11    <!-- 인터넷, 위치 권한 설정 -->
12    <uses-permission android:name="android.permission.INTERNET" />
12-->src\main\AndroidManifest.xml:6:5-67
12-->src\main\AndroidManifest.xml:6:22-64
13    <uses-permission android:name="android.permission.ACCESS_NETWORK_STATE" />
13-->src\main\AndroidManifest.xml:7:5-79
13-->src\main\AndroidManifest.xml:7:22-76
14    <uses-permission android:name="android.permission.ACCESS_FINE_LOCATION" />
14-->src\main\AndroidManifest.xml:8:5-79
14-->src\main\AndroidManifest.xml:8:22-76
15    <uses-permission android:name="android.permission.ACCESS_COARSE_LOCATION" />
15-->src\main\AndroidManifest.xml:9:5-81
15-->src\main\AndroidManifest.xml:9:22-78
16
17    <uses-feature
17-->[com.naver.maps:map-sdk:3.12.0] AndroidManifest.xml:9:5-11:35
18        android:glEsVersion="0x00020000"
18-->[com.naver.maps:map-sdk:3.12.0] AndroidManifest.xml:10:9-41
19        android:required="true" />
19-->[com.naver.maps:map-sdk:3.12.0] AndroidManifest.xml:11:9-32
20    <uses-feature
20-->[com.naver.maps:map-sdk:3.12.0] AndroidManifest.xml:12:5-14:36
21        android:name="android.hardware.wifi"
21-->[com.naver.maps:map-sdk:3.12.0] AndroidManifest.xml:13:9-45
22        android:required="false" />
22-->[com.naver.maps:map-sdk:3.12.0] AndroidManifest.xml:14:9-33
23
24    <uses-permission android:name="android.permission.ACCESS_WIFI_STATE" />
24-->[com.naver.maps:map-sdk:3.12.0] AndroidManifest.xml:18:5-76
24-->[com.naver.maps:map-sdk:3.12.0] AndroidManifest.xml:18:22-73
25
26    <application
26-->src\main\AndroidManifest.xml:12:5-39:19
27        android:allowBackup="true"
27-->src\main\AndroidManifest.xml:16:9-35
28        android:appComponentFactory="androidx.core.app.CoreComponentFactory"
28-->[androidx.core:core:1.5.0] AndroidManifest.xml:24:18-86
29        android:debuggable="true"
30        android:icon="@mipmap/ic_launcher"
30-->src\main\AndroidManifest.xml:17:9-43
31        android:label="@string/app_name"
31-->src\main\AndroidManifest.xml:18:9-41
32        android:roundIcon="@mipmap/ic_launcher_round"
32-->src\main\AndroidManifest.xml:19:9-54
33        android:supportsRtl="true"
33-->src\main\AndroidManifest.xml:20:9-35
34        android:testOnly="true"
35        android:theme="@style/Theme.AppCompat.NoActionBar"
35-->src\main\AndroidManifest.xml:21:9-59
36        android:usesCleartextTraffic="true" >
36-->src\main\AndroidManifest.xml:14:9-44
37
38        <!-- 클라이언트 아이디 입력 -->
39        <meta-data
39-->src\main\AndroidManifest.xml:24:9-26:42
40            android:name="com.naver.maps.map.CLIENT_ID"
40-->src\main\AndroidManifest.xml:25:13-56
41            android:value="7thw2iydlz" />
41-->src\main\AndroidManifest.xml:26:13-39
42
43        <activity
43-->src\main\AndroidManifest.xml:28:9-36:20
44            android:name="com.example.mylittledoctor.MainActivity"
44-->src\main\AndroidManifest.xml:29:13-41
45            android:exported="true" >
45-->src\main\AndroidManifest.xml:30:13-36
46            <intent-filter>
46-->src\main\AndroidManifest.xml:31:13-35:29
47                <action android:name="android.intent.action.MAIN" />
47-->src\main\AndroidManifest.xml:32:17-69
47-->src\main\AndroidManifest.xml:32:25-66
48
49                <category android:name="android.intent.category.LAUNCHER" />
49-->src\main\AndroidManifest.xml:34:17-77
49-->src\main\AndroidManifest.xml:34:27-74
50            </intent-filter>
51        </activity>
52        <activity android:name="com.example.mylittledoctor.MapInfoActivity" />
52-->src\main\AndroidManifest.xml:38:9-52
52-->src\main\AndroidManifest.xml:38:19-50
53        <activity
53-->[com.naver.maps:map-sdk:3.12.0] AndroidManifest.xml:21:9-25:51
54            android:name="com.naver.maps.map.app.LegendActivity"
54-->[com.naver.maps:map-sdk:3.12.0] AndroidManifest.xml:22:13-65
55            android:configChanges="screenSize|smallestScreenSize|screenLayout|orientation"
55-->[com.naver.maps:map-sdk:3.12.0] AndroidManifest.xml:23:13-91
56            android:label="@string/navermap_legend"
56-->[com.naver.maps:map-sdk:3.12.0] AndroidManifest.xml:24:13-52
57            android:theme="@style/navermap_app" />
57-->[com.naver.maps:map-sdk:3.12.0] AndroidManifest.xml:25:13-48
58        <activity
58-->[com.naver.maps:map-sdk:3.12.0] AndroidManifest.xml:26:9-30:51
59            android:name="com.naver.maps.map.app.LegalNoticeActivity"
59-->[com.naver.maps:map-sdk:3.12.0] AndroidManifest.xml:27:13-70
60            android:configChanges="screenSize|smallestScreenSize|screenLayout|orientation"
60-->[com.naver.maps:map-sdk:3.12.0] AndroidManifest.xml:28:13-91
61            android:label="@string/navermap_legal_notice"
61-->[com.naver.maps:map-sdk:3.12.0] AndroidManifest.xml:29:13-58
62            android:theme="@style/navermap_app" />
62-->[com.naver.maps:map-sdk:3.12.0] AndroidManifest.xml:30:13-48
63        <activity
63-->[com.naver.maps:map-sdk:3.12.0] AndroidManifest.xml:31:9-35:51
64            android:name="com.naver.maps.map.app.OpenSourceLicenseActivity"
64-->[com.naver.maps:map-sdk:3.12.0] AndroidManifest.xml:32:13-76
65            android:configChanges="screenSize|smallestScreenSize|screenLayout|orientation"
65-->[com.naver.maps:map-sdk:3.12.0] AndroidManifest.xml:33:13-91
66            android:label="@string/navermap_open_source_license"
66-->[com.naver.maps:map-sdk:3.12.0] AndroidManifest.xml:34:13-65
67            android:theme="@style/navermap_app" />
67-->[com.naver.maps:map-sdk:3.12.0] AndroidManifest.xml:35:13-48
68        <activity
68-->[com.google.android.gms:play-services-base:17.5.0] AndroidManifest.xml:23:9-26:75
69            android:name="com.google.android.gms.common.api.GoogleApiActivity"
69-->[com.google.android.gms:play-services-base:17.5.0] AndroidManifest.xml:24:13-79
70            android:exported="false"
70-->[com.google.android.gms:play-services-base:17.5.0] AndroidManifest.xml:25:13-37
71            android:theme="@android:style/Theme.Translucent.NoTitleBar" />
71-->[com.google.android.gms:play-services-base:17.5.0] AndroidManifest.xml:26:13-72
72
73        <meta-data
73-->[com.google.android.gms:play-services-basement:17.5.0] AndroidManifest.xml:23:9-25:69
74            android:name="com.google.android.gms.version"
74-->[com.google.android.gms:play-services-basement:17.5.0] AndroidManifest.xml:24:13-58
75            android:value="@integer/google_play_services_version" />
75-->[com.google.android.gms:play-services-basement:17.5.0] AndroidManifest.xml:25:13-66
76    </application>
77
78</manifest>